c:\users\nil baro\desktop\platilla_3projects\gameserver\x64\debug\vc141.pdb
c:\users\nil baro\desktop\platilla_3projects\gameserver\x64\debug\vc141.idb
c:\users\nil baro\desktop\platilla_3projects\gameserver\x64\debug\source.obj
c:\users\nil baro\desktop\practicaredes2\practicaredes2\gameserver\x64\debug\vc141.pdb
c:\users\nil baro\desktop\practicaredes2\practicaredes2\gameserver\x64\debug\vc141.idb
c:\users\nil baro\desktop\practicaredes2\practicaredes2\gameserver\x64\debug\source.obj
c:\users\nil baro\desktop\platilla_3projects\x64\debug\gameserver.exe
c:\users\nil baro\desktop\platilla_3projects\x64\debug\gameserver.ilk
c:\users\nil baro\desktop\platilla_3projects\x64\debug\gameserver.pdb
c:\users\nil baro\desktop\practicaredes2\practicaredes2\x64\debug\gameserver.exe
c:\users\nil baro\desktop\practicaredes2\practicaredes2\x64\debug\gameserver.ilk
c:\users\nil baro\desktop\practicaredes2\practicaredes2\x64\debug\gameserver.pdb
d:\documents enti\practicaredes2\practicaredes2\gameserver\x64\debug\source.obj
d:\documents enti\practicaredes2\practicaredes2\gameserver\x64\debug\vc141.idb
d:\documents enti\practicaredes2\practicaredes2\gameserver\x64\debug\vc141.pdb
d:\documents enti\practicaredes2\practicaredes2\x64\debug\gameserver.pdb
d:\documents enti\practicaredes2\practicaredes2\x64\debug\gameserver.exe
d:\documents enti\practicaredes2\practicaredes2\x64\debug\gameserver.ilk
d:\documents enti\practicaredes2\practicaredes2\gameserver\x64\debug\gameserver.tlog\cl.command.1.tlog
d:\documents enti\practicaredes2\practicaredes2\gameserver\x64\debug\gameserver.tlog\cl.read.1.tlog
d:\documents enti\practicaredes2\practicaredes2\gameserver\x64\debug\gameserver.tlog\cl.write.1.tlog
d:\documents enti\practicaredes2\practicaredes2\gameserver\x64\debug\gameserver.tlog\link.command.1.tlog
d:\documents enti\practicaredes2\practicaredes2\gameserver\x64\debug\gameserver.tlog\link.read.1.tlog
d:\documents enti\practicaredes2\practicaredes2\gameserver\x64\debug\gameserver.tlog\link.write.1.tlog
