  Source.cpp
c:\users\nil baro\desktop\platilla_3projects\gameclient\graphics.h(30): warning C4244: '=': conversión de 'int' a 'T'; posible pérdida de datos
          with
          [
              T=float
          ]
c:\users\nil baro\desktop\platilla_3projects\gameclient\graphics.h(31): warning C4244: '=': conversión de 'int' a 'T'; posible pérdida de datos
          with
          [
              T=float
          ]
c:\users\nil baro\desktop\platilla_3projects\gameclient\graphics.h(32): warning C4244: '=': conversión de 'int' a 'T'; posible pérdida de datos
          with
          [
              T=float
          ]
c:\users\nil baro\desktop\platilla_3projects\gameclient\graphics.h(33): warning C4244: '=': conversión de 'int' a 'T'; posible pérdida de datos
          with
          [
              T=float
          ]
c:\users\nil baro\desktop\platilla_3projects\gameclient\graphics.h(41): warning C4244: 'inicializando': conversión de 'T' a 'int'; posible pérdida de datos
          with
          [
              T=float
          ]
c:\users\nil baro\desktop\platilla_3projects\gameclient\graphics.h(41): warning C4244: '=': conversión de 'float' a 'int'; posible pérdida de datos
c:\users\nil baro\desktop\platilla_3projects\gameclient\graphics.h(43): warning C4244: 'inicializando': conversión de 'T' a 'int'; posible pérdida de datos
          with
          [
              T=float
          ]
c:\users\nil baro\desktop\platilla_3projects\gameclient\graphics.h(43): warning C4244: '=': conversión de 'float' a 'int'; posible pérdida de datos
c:\users\nil baro\desktop\platilla_3projects\gameclient\graphics.h(45): warning C4244: 'argumento': conversión de 'int' a 'T'; posible pérdida de datos
          with
          [
              T=float
          ]
  GameClient.vcxproj -> C:\Users\Nil Baro\Desktop\Platilla_3Projects\x64\Debug\GameClient.exe
